TN:
SF:src/modules/appointments/services/CreateAppointmentService.ts
FN:84,__decorate
FN:84,__metadata
FN:84,__param
FN:84,__awaiter
FN:84,adopt
FN:84,fulfilled
FN:84,rejected
FN:84,step
FN:84,__generator
FN:84,sent
FN:84,g.<computed>
FN:84,verb
FN:84,step
FN:84,__importDefault
FN:20,CreateAppointmentService
FN:31,CreateAppointmentService.execute
FNF:16
FNH:14
FNDA:1,__decorate
FNDA:1,__metadata
FNDA:3,__param
FNDA:7,__awaiter
FNDA:8,adopt
FNDA:8,fulfilled
FNDA:0,rejected
FNDA:10,step
FNDA:7,__generator
FNDA:8,sent
FNDA:0,g.<computed>
FNDA:21,verb
FNDA:15,step
FNDA:1,__importDefault
FNDA:5,CreateAppointmentService
FNDA:7,CreateAppointmentService.execute
DA:1,1
DA:2,1
DA:3,1
DA:4,1
DA:5,1
DA:6,1
DA:7,1
DA:8,1
DA:9,1
DA:10,1
DA:11,1
DA:12,1
DA:13,1
DA:14,1
DA:15,1
DA:16,1
DA:17,1
DA:18,1
DA:19,1
DA:20,1
DA:21,5
DA:22,5
DA:23,5
DA:24,5
DA:25,5
DA:26,5
DA:27,5
DA:28,5
DA:29,5
DA:30,1
DA:31,1
DA:32,7
DA:33,7
DA:34,7
DA:35,7
DA:36,7
DA:37,7
DA:38,7
DA:39,2
DA:40,2
DA:41,2
DA:42,2
DA:43,5
DA:44,7
DA:45,3
DA:46,3
DA:47,2
DA:48,7
DA:49,0
DA:50,0
DA:51,2
DA:52,2
DA:53,2
DA:54,2
DA:55,7
DA:56,7
DA:57,0
DA:58,0
DA:59,7
DA:60,7
DA:61,7
DA:62,7
DA:63,7
DA:64,7
DA:65,7
DA:66,7
DA:67,7
DA:68,7
DA:69,7
DA:70,7
DA:71,7
DA:72,7
DA:73,7
DA:74,7
DA:75,7
DA:76,7
DA:77,7
DA:78,7
DA:79,7
DA:80,7
DA:81,7
DA:82,1
DA:83,1
DA:84,1
LF:84
LH:80
BRDA:84,0,0,1
BRDA:84,1,0,1
BRDA:84,2,0,0
BRDA:84,3,0,0
BRDA:84,4,0,0
BRDA:84,5,0,0
BRDA:84,6,0,1
BRDA:84,7,0,3
BRDA:84,8,0,3
BRDA:84,9,0,7
BRDA:84,10,0,8
BRDA:84,11,0,0
BRDA:84,12,0,7
BRDA:84,13,0,8
BRDA:84,14,0,0
BRDA:84,15,0,10
BRDA:84,16,0,2
BRDA:84,17,0,8
BRDA:84,18,0,7
BRDA:84,19,0,8
BRDA:84,20,0,0
BRDA:84,21,0,21
BRDA:84,22,0,15
BRDA:84,23,0,15
BRDA:84,24,0,0
BRDA:84,25,0,30
BRDA:84,26,0,0
BRDA:84,27,0,0
BRDA:84,28,0,0
BRDA:84,29,0,0
BRDA:84,30,0,15
BRDA:84,31,0,15
BRDA:84,32,0,8
BRDA:84,33,0,0
BRDA:84,34,0,0
BRDA:84,35,0,7
BRDA:84,36,0,0
BRDA:84,37,0,2
BRDA:84,38,0,0
BRDA:84,39,0,0
BRDA:84,40,0,0
BRDA:84,41,0,0
BRDA:84,42,0,15
BRDA:84,43,0,10
BRDA:84,44,0,5
BRDA:84,45,0,15
BRDA:84,46,0,7
BRDA:84,47,0,5
BRDA:84,48,0,2
BRDA:84,49,0,0
BRDA:84,50,0,1
BRDA:84,51,0,0
BRDA:19,52,0,1
BRDA:20,53,0,5
BRDA:31,54,0,7
BRDA:84,55,0,7
BRDA:84,56,0,15
BRDA:84,57,0,7
BRDA:38,58,0,6
BRDA:38,59,0,2
BRDA:42,60,0,5
BRDA:44,61,0,3
BRDA:46,62,0,2
BRDA:48,63,0,0
BRDA:50,64,0,2
BRDA:84,65,0,2
BRDA:56,66,0,0
BRDA:84,67,0,2
BRDA:84,68,0,2
BRDA:84,69,0,2
BRF:70
BRH:47
end_of_record
TN:
SF:src/modules/appointments/services/ListProviderAppointmentsService.ts
FN:54,__decorate
FN:54,__metadata
FN:54,__param
FN:54,__awaiter
FN:54,adopt
FN:54,fulfilled
FN:54,rejected
FN:54,step
FN:54,__generator
FN:54,sent
FN:54,g.<computed>
FN:54,verb
FN:54,step
FN:17,ListProviderAppointmentsService
FN:25,ListProviderAppointmentsService.execute
FNF:15
FNH:13
FNDA:1,__decorate
FNDA:1,__metadata
FNDA:2,__param
FNDA:1,__awaiter
FNDA:3,adopt
FNDA:3,fulfilled
FNDA:0,rejected
FNDA:4,step
FNDA:1,__generator
FNDA:3,sent
FNDA:0,g.<computed>
FNDA:3,verb
FNDA:4,step
FNDA:1,ListProviderAppointmentsService
FNDA:1,ListProviderAppointmentsService.execute
DA:1,1
DA:2,1
DA:3,1
DA:4,1
DA:5,1
DA:6,1
DA:7,1
DA:8,1
DA:9,1
DA:10,1
DA:11,1
DA:12,1
DA:13,1
DA:14,1
DA:15,1
DA:16,1
DA:17,1
DA:18,1
DA:19,1
DA:20,1
DA:21,1
DA:22,1
DA:23,1
DA:24,1
DA:25,1
DA:26,1
DA:27,1
DA:28,1
DA:29,1
DA:30,1
DA:31,1
DA:32,1
DA:33,1
DA:34,1
DA:35,1
DA:36,1
DA:37,1
DA:38,1
DA:39,1
DA:40,1
DA:41,1
DA:42,1
DA:43,1
DA:44,1
DA:45,1
DA:46,1
DA:47,1
DA:48,1
DA:49,1
DA:50,1
DA:51,1
DA:52,1
DA:53,1
DA:54,1
LF:54
LH:54
BRDA:54,0,0,1
BRDA:54,1,0,1
BRDA:54,2,0,0
BRDA:54,3,0,0
BRDA:54,4,0,0
BRDA:54,5,0,0
BRDA:54,6,0,1
BRDA:54,7,0,2
BRDA:54,8,0,2
BRDA:54,9,0,1
BRDA:54,10,0,3
BRDA:54,11,0,0
BRDA:54,12,0,1
BRDA:54,13,0,3
BRDA:54,14,0,0
BRDA:54,15,0,4
BRDA:54,16,0,1
BRDA:54,17,0,3
BRDA:54,18,0,1
BRDA:54,19,0,3
BRDA:54,20,0,0
BRDA:54,21,0,3
BRDA:54,22,0,4
BRDA:54,23,0,4
BRDA:54,24,0,0
BRDA:54,25,0,8
BRDA:54,26,0,0
BRDA:54,27,0,0
BRDA:54,28,0,0
BRDA:54,29,0,0
BRDA:54,30,0,4
BRDA:54,31,0,4
BRDA:54,32,0,3
BRDA:54,33,0,0
BRDA:54,34,0,0
BRDA:54,35,0,1
BRDA:54,36,0,0
BRDA:54,37,0,0
BRDA:54,38,0,0
BRDA:54,39,0,0
BRDA:54,40,0,0
BRDA:54,41,0,4
BRDA:54,42,0,0
BRDA:54,43,0,4
BRDA:54,44,0,1
BRDA:54,45,0,0
BRDA:54,46,0,1
BRDA:54,47,0,0
BRDA:16,48,0,1
BRDA:17,49,0,1
BRDA:25,50,0,1
BRDA:54,51,0,1
BRDA:54,52,0,4
BRDA:54,53,0,1
BRDA:54,54,0,1
BRDA:37,55,0,0
BRDA:54,56,0,1
BRDA:54,57,0,1
BRDA:50,58,0,1
BRF:59
BRH:36
end_of_record
TN:
SF:src/modules/appointments/services/ListProviderDayAvailabilityService.ts
FN:66,__decorate
FN:66,__metadata
FN:66,__param
FN:66,__awaiter
FN:66,adopt
FN:66,fulfilled
FN:66,rejected
FN:66,step
FN:66,__generator
FN:66,sent
FN:66,g.<computed>
FN:66,verb
FN:66,step
FN:20,ListProviderDayAvailabilityService
FN:25,ListProviderDayAvailabilityService.execute
FNF:15
FNH:13
FNDA:1,__decorate
FNDA:1,__metadata
FNDA:1,__param
FNDA:1,__awaiter
FNDA:1,adopt
FNDA:1,fulfilled
FNDA:0,rejected
FNDA:2,step
FNDA:1,__generator
FNDA:1,sent
FNDA:0,g.<computed>
FNDA:3,verb
FNDA:2,step
FNDA:1,ListProviderDayAvailabilityService
FNDA:1,ListProviderDayAvailabilityService.execute
DA:1,1
DA:2,1
DA:3,1
DA:4,1
DA:5,1
DA:6,1
DA:7,1
DA:8,1
DA:9,1
DA:10,1
DA:11,1
DA:12,1
DA:13,1
DA:14,1
DA:15,1
DA:16,1
DA:17,1
DA:18,1
DA:19,1
DA:20,1
DA:21,1
DA:22,1
DA:23,1
DA:24,1
DA:25,1
DA:26,1
DA:27,1
DA:28,1
DA:29,1
DA:30,1
DA:31,1
DA:32,1
DA:33,1
DA:34,1
DA:35,1
DA:36,1
DA:37,1
DA:38,1
DA:39,1
DA:40,1
DA:41,1
DA:42,1
DA:43,1
DA:44,1
DA:45,1
DA:46,1
DA:47,1
DA:48,1
DA:49,1
DA:50,10
DA:51,10
DA:52,10
DA:53,10
DA:54,10
DA:55,10
DA:56,10
DA:57,10
DA:58,10
DA:59,10
DA:60,1
DA:61,1
DA:62,1
DA:63,1
DA:64,1
DA:65,1
DA:66,1
LF:66
LH:66
BRDA:66,0,0,1
BRDA:66,1,0,1
BRDA:66,2,0,0
BRDA:66,3,0,0
BRDA:66,4,0,0
BRDA:66,5,0,0
BRDA:66,6,0,1
BRDA:66,7,0,1
BRDA:66,8,0,1
BRDA:66,9,0,1
BRDA:66,10,0,1
BRDA:66,11,0,0
BRDA:66,12,0,1
BRDA:66,13,0,1
BRDA:66,14,0,0
BRDA:66,15,0,2
BRDA:66,16,0,1
BRDA:66,17,0,1
BRDA:66,18,0,1
BRDA:66,19,0,1
BRDA:66,20,0,0
BRDA:66,21,0,3
BRDA:66,22,0,2
BRDA:66,23,0,2
BRDA:66,24,0,0
BRDA:66,25,0,4
BRDA:66,26,0,0
BRDA:66,27,0,0
BRDA:66,28,0,0
BRDA:66,29,0,0
BRDA:66,30,0,2
BRDA:66,31,0,2
BRDA:66,32,0,1
BRDA:66,33,0,0
BRDA:66,34,0,0
BRDA:66,35,0,1
BRDA:66,36,0,0
BRDA:66,37,0,0
BRDA:66,38,0,0
BRDA:66,39,0,0
BRDA:66,40,0,0
BRDA:66,41,0,2
BRDA:66,42,0,0
BRDA:66,43,0,2
BRDA:66,44,0,1
BRDA:66,45,0,0
BRDA:66,46,0,1
BRDA:66,47,0,0
BRDA:19,48,0,1
BRDA:20,49,0,1
BRDA:25,50,0,1
BRDA:66,51,0,1
BRDA:66,52,0,2
BRDA:31,53,0,1
BRDA:66,54,0,1
BRDA:44,55,0,10
BRDA:49,56,0,10
BRDA:58,57,0,8
BRDA:51,58,0,19
BRF:59
BRH:37
end_of_record
TN:
SF:src/modules/appointments/services/ListProviderMonthAvailabilityService.ts
FN:59,__decorate
FN:59,__metadata
FN:59,__param
FN:59,__awaiter
FN:59,adopt
FN:59,fulfilled
FN:59,rejected
FN:59,step
FN:59,__generator
FN:59,sent
FN:59,g.<computed>
FN:59,verb
FN:59,step
FN:19,ListProviderMonthAvailabilityService
FN:24,ListProviderMonthAvailabilityService.execute
FNF:15
FNH:13
FNDA:1,__decorate
FNDA:1,__metadata
FNDA:1,__param
FNDA:1,__awaiter
FNDA:1,adopt
FNDA:1,fulfilled
FNDA:0,rejected
FNDA:2,step
FNDA:1,__generator
FNDA:1,sent
FNDA:0,g.<computed>
FNDA:3,verb
FNDA:2,step
FNDA:1,ListProviderMonthAvailabilityService
FNDA:1,ListProviderMonthAvailabilityService.execute
DA:1,1
DA:2,1
DA:3,1
DA:4,1
DA:5,1
DA:6,1
DA:7,1
DA:8,1
DA:9,1
DA:10,1
DA:11,1
DA:12,1
DA:13,1
DA:14,1
DA:15,1
DA:16,1
DA:17,1
DA:18,1
DA:19,1
DA:20,1
DA:21,1
DA:22,1
DA:23,1
DA:24,1
DA:25,1
DA:26,1
DA:27,1
DA:28,1
DA:29,1
DA:30,1
DA:31,1
DA:32,1
DA:33,1
DA:34,1
DA:35,1
DA:36,1
DA:37,1
DA:38,1
DA:39,1
DA:40,1
DA:41,1
DA:42,1
DA:43,1
DA:44,1
DA:45,30
DA:46,30
DA:47,30
DA:48,30
DA:49,30
DA:50,30
DA:51,30
DA:52,30
DA:53,1
DA:54,1
DA:55,1
DA:56,1
DA:57,1
DA:58,1
DA:59,1
LF:59
LH:59
BRDA:59,0,0,1
BRDA:59,1,0,1
BRDA:59,2,0,0
BRDA:59,3,0,0
BRDA:59,4,0,0
BRDA:59,5,0,0
BRDA:59,6,0,1
BRDA:59,7,0,1
BRDA:59,8,0,1
BRDA:59,9,0,1
BRDA:59,10,0,1
BRDA:59,11,0,0
BRDA:59,12,0,1
BRDA:59,13,0,1
BRDA:59,14,0,0
BRDA:59,15,0,2
BRDA:59,16,0,1
BRDA:59,17,0,1
BRDA:59,18,0,1
BRDA:59,19,0,1
BRDA:59,20,0,0
BRDA:59,21,0,3
BRDA:59,22,0,2
BRDA:59,23,0,2
BRDA:59,24,0,0
BRDA:59,25,0,4
BRDA:59,26,0,0
BRDA:59,27,0,0
BRDA:59,28,0,0
BRDA:59,29,0,0
BRDA:59,30,0,2
BRDA:59,31,0,2
BRDA:59,32,0,1
BRDA:59,33,0,0
BRDA:59,34,0,0
BRDA:59,35,0,1
BRDA:59,36,0,0
BRDA:59,37,0,0
BRDA:59,38,0,0
BRDA:59,39,0,0
BRDA:59,40,0,0
BRDA:59,41,0,2
BRDA:59,42,0,0
BRDA:59,43,0,2
BRDA:59,44,0,1
BRDA:59,45,0,0
BRDA:59,46,0,1
BRDA:59,47,0,0
BRDA:18,48,0,1
BRDA:19,49,0,1
BRDA:24,50,0,1
BRDA:59,51,0,1
BRDA:59,52,0,2
BRDA:29,53,0,1
BRDA:59,54,0,1
BRDA:41,55,0,30
BRDA:44,56,0,30
BRDA:46,57,0,330
BRF:58
BRH:36
end_of_record
TN:
SF:src/modules/appointments/services/ListProvidersService.ts
FN:39,__decorate
FN:39,__metadata
FN:39,__param
FN:39,__awaiter
FN:39,adopt
FN:39,fulfilled
FN:39,rejected
FN:39,step
FN:39,__generator
FN:39,sent
FN:39,g.<computed>
FN:39,verb
FN:39,step
FN:14,ListProvidersService
FN:22,ListProvidersService.execute
FNF:15
FNH:13
FNDA:1,__decorate
FNDA:1,__metadata
FNDA:2,__param
FNDA:1,__awaiter
FNDA:3,adopt
FNDA:3,fulfilled
FNDA:0,rejected
FNDA:4,step
FNDA:1,__generator
FNDA:3,sent
FNDA:0,g.<computed>
FNDA:3,verb
FNDA:4,step
FNDA:1,ListProvidersService
FNDA:1,ListProvidersService.execute
DA:1,1
DA:2,1
DA:3,1
DA:4,1
DA:5,1
DA:6,1
DA:7,1
DA:8,1
DA:9,1
DA:10,1
DA:11,1
DA:12,1
DA:13,1
DA:14,1
DA:15,1
DA:16,1
DA:17,1
DA:18,1
DA:19,1
DA:20,1
DA:21,1
DA:22,1
DA:23,1
DA:24,1
DA:25,1
DA:26,1
DA:27,1
DA:28,1
DA:29,1
DA:30,1
DA:31,1
DA:32,1
DA:33,1
DA:34,1
DA:35,1
DA:36,1
DA:37,1
DA:38,1
DA:39,1
LF:39
LH:39
BRDA:39,0,0,1
BRDA:39,1,0,1
BRDA:39,2,0,0
BRDA:39,3,0,0
BRDA:39,4,0,0
BRDA:39,5,0,0
BRDA:39,6,0,1
BRDA:39,7,0,2
BRDA:39,8,0,2
BRDA:39,9,0,1
BRDA:39,10,0,3
BRDA:39,11,0,0
BRDA:39,12,0,1
BRDA:39,13,0,3
BRDA:39,14,0,0
BRDA:39,15,0,4
BRDA:39,16,0,1
BRDA:39,17,0,3
BRDA:39,18,0,1
BRDA:39,19,0,3
BRDA:39,20,0,0
BRDA:39,21,0,3
BRDA:39,22,0,4
BRDA:39,23,0,4
BRDA:39,24,0,0
BRDA:39,25,0,8
BRDA:39,26,0,0
BRDA:39,27,0,0
BRDA:39,28,0,0
BRDA:39,29,0,0
BRDA:39,30,0,4
BRDA:39,31,0,4
BRDA:39,32,0,3
BRDA:39,33,0,0
BRDA:39,34,0,0
BRDA:39,35,0,1
BRDA:39,36,0,0
BRDA:39,37,0,0
BRDA:39,38,0,0
BRDA:39,39,0,0
BRDA:39,40,0,0
BRDA:39,41,0,4
BRDA:39,42,0,0
BRDA:39,43,0,4
BRDA:39,44,0,1
BRDA:39,45,0,0
BRDA:39,46,0,1
BRDA:39,47,0,0
BRDA:13,48,0,1
BRDA:14,49,0,1
BRDA:22,50,0,1
BRDA:39,51,0,1
BRDA:39,52,0,4
BRDA:39,53,0,1
BRDA:39,54,0,1
BRDA:27,55,0,0
BRDA:39,56,0,1
BRDA:39,57,0,1
BRDA:35,58,0,1
BRF:59
BRH:36
end_of_record
TN:
SF:src/modules/users/services/AuthenticateUserService.ts
FN:62,__decorate
FN:62,__metadata
FN:62,__param
FN:62,__awaiter
FN:62,adopt
FN:62,fulfilled
FN:62,rejected
FN:62,step
FN:62,__generator
FN:62,sent
FN:62,g.<computed>
FN:62,verb
FN:62,step
FN:62,__importDefault
FN:24,AuthenticateUserService
FN:32,AuthenticateUserService.execute
FNF:16
FNH:14
FNDA:1,__decorate
FNDA:1,__metadata
FNDA:2,__param
FNDA:3,__awaiter
FNDA:5,adopt
FNDA:5,fulfilled
FNDA:0,rejected
FNDA:6,step
FNDA:3,__generator
FNDA:5,sent
FNDA:0,g.<computed>
FNDA:9,verb
FNDA:8,step
FNDA:2,__importDefault
FNDA:3,AuthenticateUserService
FNDA:3,AuthenticateUserService.execute
DA:1,1
DA:2,1
DA:3,1
DA:4,1
DA:5,1
DA:6,1
DA:7,1
DA:8,1
DA:9,1
DA:10,1
DA:11,1
DA:12,1
DA:13,1
DA:14,1
DA:15,1
DA:16,1
DA:17,1
DA:18,1
DA:19,1
DA:20,1
DA:21,1
DA:22,1
DA:23,1
DA:24,1
DA:25,3
DA:26,3
DA:27,3
DA:28,3
DA:29,3
DA:30,3
DA:31,1
DA:32,1
DA:33,3
DA:34,3
DA:35,3
DA:36,1
DA:37,1
DA:38,2
DA:39,2
DA:40,2
DA:41,2
DA:42,2
DA:43,3
DA:44,3
DA:45,1
DA:46,1
DA:47,1
DA:48,1
DA:49,1
DA:50,1
DA:51,1
DA:52,1
DA:53,1
DA:54,1
DA:55,1
DA:56,1
DA:57,1
DA:58,1
DA:59,3
DA:60,1
DA:61,1
DA:62,1
LF:62
LH:62
BRDA:62,0,0,1
BRDA:62,1,0,1
BRDA:62,2,0,0
BRDA:62,3,0,0
BRDA:62,4,0,0
BRDA:62,5,0,0
BRDA:62,6,0,1
BRDA:62,7,0,2
BRDA:62,8,0,2
BRDA:62,9,0,3
BRDA:62,10,0,5
BRDA:62,11,0,0
BRDA:62,12,0,3
BRDA:62,13,0,5
BRDA:62,14,0,3
BRDA:62,15,0,2
BRDA:62,16,0,6
BRDA:62,17,0,1
BRDA:62,18,0,5
BRDA:62,19,0,3
BRDA:62,20,0,5
BRDA:62,21,0,0
BRDA:62,22,0,9
BRDA:62,23,0,8
BRDA:62,24,0,8
BRDA:62,25,0,0
BRDA:62,26,0,16
BRDA:62,27,0,0
BRDA:62,28,0,0
BRDA:62,29,0,0
BRDA:62,30,0,0
BRDA:62,31,0,8
BRDA:62,32,0,8
BRDA:62,33,0,5
BRDA:62,34,0,0
BRDA:62,35,0,0
BRDA:62,36,0,3
BRDA:62,37,0,0
BRDA:62,38,0,1
BRDA:62,39,0,0
BRDA:62,40,0,0
BRDA:62,41,0,0
BRDA:62,42,0,0
BRDA:62,43,0,8
BRDA:62,44,0,6
BRDA:62,45,0,2
BRDA:62,46,0,8
BRDA:62,47,0,3
BRDA:62,48,0,2
BRDA:62,49,0,1
BRDA:62,50,0,0
BRDA:62,51,0,2
BRDA:62,52,0,0
BRDA:23,53,0,1
BRDA:24,54,0,3
BRDA:32,55,0,3
BRDA:62,56,0,3
BRDA:62,57,0,8
BRDA:33,58,0,3
BRDA:62,59,0,3
BRDA:35,60,0,1
BRDA:37,61,0,2
BRDA:62,62,0,2
BRDA:44,63,0,1
BRF:64
BRH:44
end_of_record
TN:
SF:src/modules/users/services/CreateUserService.ts
FN:51,__decorate
FN:51,__metadata
FN:51,__param
FN:51,__awaiter
FN:51,adopt
FN:51,fulfilled
FN:51,rejected
FN:51,step
FN:51,__generator
FN:51,sent
FN:51,g.<computed>
FN:51,verb
FN:51,step
FN:51,__importDefault
FN:19,CreateUserService
FN:30,CreateUserService.execute
FNF:16
FNH:14
FNDA:1,__decorate
FNDA:1,__metadata
FNDA:3,__param
FNDA:3,__awaiter
FNDA:9,adopt
FNDA:9,fulfilled
FNDA:0,rejected
FNDA:11,step
FNDA:3,__generator
FNDA:9,sent
FNDA:0,g.<computed>
FNDA:9,verb
FNDA:12,step
FNDA:1,__importDefault
FNDA:2,CreateUserService
FNDA:3,CreateUserService.execute
DA:1,1
DA:2,1
DA:3,1
DA:4,1
DA:5,1
DA:6,1
DA:7,1
DA:8,1
DA:9,1
DA:10,1
DA:11,1
DA:12,1
DA:13,1
DA:14,1
DA:15,1
DA:16,1
DA:17,1
DA:18,1
DA:19,1
DA:20,2
DA:21,2
DA:22,2
DA:23,2
DA:24,2
DA:25,2
DA:26,2
DA:27,2
DA:28,2
DA:29,1
DA:30,1
DA:31,3
DA:32,3
DA:33,3
DA:34,1
DA:35,1
DA:36,2
DA:37,2
DA:38,3
DA:39,3
DA:40,3
DA:41,3
DA:42,3
DA:43,3
DA:44,3
DA:45,3
DA:46,3
DA:47,3
DA:48,3
DA:49,1
DA:50,1
DA:51,1
LF:51
LH:51
BRDA:51,0,0,1
BRDA:51,1,0,1
BRDA:51,2,0,0
BRDA:51,3,0,0
BRDA:51,4,0,0
BRDA:51,5,0,0
BRDA:51,6,0,1
BRDA:51,7,0,3
BRDA:51,8,0,3
BRDA:51,9,0,3
BRDA:51,10,0,9
BRDA:51,11,0,0
BRDA:51,12,0,3
BRDA:51,13,0,9
BRDA:51,14,0,8
BRDA:51,15,0,1
BRDA:51,16,0,11
BRDA:51,17,0,2
BRDA:51,18,0,9
BRDA:51,19,0,3
BRDA:51,20,0,9
BRDA:51,21,0,0
BRDA:51,22,0,9
BRDA:51,23,0,12
BRDA:51,24,0,12
BRDA:51,25,0,0
BRDA:51,26,0,24
BRDA:51,27,0,0
BRDA:51,28,0,0
BRDA:51,29,0,0
BRDA:51,30,0,0
BRDA:51,31,0,12
BRDA:51,32,0,12
BRDA:51,33,0,9
BRDA:51,34,0,0
BRDA:51,35,0,0
BRDA:51,36,0,3
BRDA:51,37,0,0
BRDA:51,38,0,2
BRDA:51,39,0,0
BRDA:51,40,0,0
BRDA:51,41,0,0
BRDA:51,42,0,0
BRDA:51,43,0,12
BRDA:51,44,0,11
BRDA:51,45,0,1
BRDA:51,46,0,12
BRDA:51,47,0,3
BRDA:51,48,0,1
BRDA:51,49,0,2
BRDA:51,50,0,0
BRDA:51,51,0,1
BRDA:51,52,0,0
BRDA:18,53,0,1
BRDA:19,54,0,2
BRDA:30,55,0,3
BRDA:51,56,0,3
BRDA:51,57,0,12
BRDA:31,58,0,3
BRDA:51,59,0,3
BRDA:33,60,0,1
BRDA:35,61,0,2
BRDA:51,62,0,2
BRDA:51,63,0,2
BRDA:51,64,0,2
BRF:65
BRH:45
end_of_record
TN:
SF:src/modules/users/services/ResetPasswordService.ts
FN:53,__decorate
FN:53,__metadata
FN:53,__param
FN:53,__awaiter
FN:53,adopt
FN:53,fulfilled
FN:53,rejected
FN:53,step
FN:53,__generator
FN:53,sent
FN:53,g.<computed>
FN:53,verb
FN:53,step
FN:53,__importDefault
FN:16,ResetPasswordService
FN:27,ResetPasswordService.execute
FNF:16
FNH:14
FNDA:1,__decorate
FNDA:1,__metadata
FNDA:3,__param
FNDA:4,__awaiter
FNDA:9,adopt
FNDA:9,fulfilled
FNDA:0,rejected
FNDA:10,step
FNDA:4,__generator
FNDA:9,sent
FNDA:0,g.<computed>
FNDA:12,verb
FNDA:13,step
FNDA:1,__importDefault
FNDA:4,ResetPasswordService
FNDA:4,ResetPasswordService.execute
DA:1,1
DA:2,1
DA:3,1
DA:4,1
DA:5,1
DA:6,1
DA:7,1
DA:8,1
DA:9,1
DA:10,1
DA:11,1
DA:12,1
DA:13,1
DA:14,1
DA:15,1
DA:16,1
DA:17,4
DA:18,4
DA:19,4
DA:20,4
DA:21,4
DA:22,4
DA:23,4
DA:24,4
DA:25,4
DA:26,1
DA:27,1
DA:28,4
DA:29,4
DA:30,4
DA:31,1
DA:32,1
DA:33,3
DA:34,3
DA:35,4
DA:36,4
DA:37,1
DA:38,1
DA:39,2
DA:40,2
DA:41,2
DA:42,2
DA:43,4
DA:44,1
DA:45,1
DA:46,1
DA:47,1
DA:48,4
DA:49,4
DA:50,4
DA:51,1
DA:52,1
DA:53,1
LF:53
LH:53
BRDA:53,0,0,1
BRDA:53,1,0,1
BRDA:53,2,0,0
BRDA:53,3,0,0
BRDA:53,4,0,0
BRDA:53,5,0,0
BRDA:53,6,0,1
BRDA:53,7,0,3
BRDA:53,8,0,3
BRDA:53,9,0,4
BRDA:53,10,0,9
BRDA:53,11,0,0
BRDA:53,12,0,4
BRDA:53,13,0,9
BRDA:53,14,0,6
BRDA:53,15,0,3
BRDA:53,16,0,10
BRDA:53,17,0,1
BRDA:53,18,0,9
BRDA:53,19,0,4
BRDA:53,20,0,9
BRDA:53,21,0,0
BRDA:53,22,0,12
BRDA:53,23,0,13
BRDA:53,24,0,13
BRDA:53,25,0,0
BRDA:53,26,0,26
BRDA:53,27,0,0
BRDA:53,28,0,0
BRDA:53,29,0,0
BRDA:53,30,0,0
BRDA:53,31,0,13
BRDA:53,32,0,13
BRDA:53,33,0,9
BRDA:53,34,0,0
BRDA:53,35,0,0
BRDA:53,36,0,4
BRDA:53,37,0,0
BRDA:53,38,0,1
BRDA:53,39,0,0
BRDA:53,40,0,0
BRDA:53,41,0,0
BRDA:53,42,0,0
BRDA:53,43,0,13
BRDA:53,44,0,10
BRDA:53,45,0,3
BRDA:53,46,0,13
BRDA:53,47,0,4
BRDA:53,48,0,3
BRDA:53,49,0,1
BRDA:53,50,0,0
BRDA:53,51,0,1
BRDA:53,52,0,0
BRDA:15,53,0,1
BRDA:16,54,0,4
BRDA:27,55,0,4
BRDA:53,56,0,4
BRDA:53,57,0,13
BRDA:28,58,0,4
BRDA:53,59,0,4
BRDA:30,60,0,1
BRDA:32,61,0,3
BRDA:53,62,0,3
BRDA:36,63,0,1
BRDA:38,64,0,2
BRDA:43,65,0,1
BRDA:53,66,0,1
BRDA:53,67,0,1
BRF:68
BRH:48
end_of_record
TN:
SF:src/modules/users/services/SendForgotPasswordEmailService.ts
FN:59,__decorate
FN:59,__metadata
FN:59,__param
FN:59,__awaiter
FN:59,adopt
FN:59,fulfilled
FN:59,rejected
FN:59,step
FN:59,__generator
FN:59,sent
FN:59,g.<computed>
FN:59,verb
FN:59,step
FN:59,__importDefault
FN:15,SendForgotPasswordEmailService
FN:26,SendForgotPasswordEmailService.execute
FNF:16
FNH:14
FNDA:1,__decorate
FNDA:1,__metadata
FNDA:3,__param
FNDA:3,__awaiter
FNDA:7,adopt
FNDA:7,fulfilled
FNDA:0,rejected
FNDA:9,step
FNDA:3,__generator
FNDA:7,sent
FNDA:0,g.<computed>
FNDA:9,verb
FNDA:10,step
FNDA:2,__importDefault
FNDA:3,SendForgotPasswordEmailService
FNDA:3,SendForgotPasswordEmailService.execute
DA:1,1
DA:2,1
DA:3,1
DA:4,1
DA:5,1
DA:6,1
DA:7,1
DA:8,1
DA:9,1
DA:10,1
DA:11,1
DA:12,1
DA:13,1
DA:14,1
DA:15,1
DA:16,3
DA:17,3
DA:18,3
DA:19,3
DA:20,3
DA:21,3
DA:22,3
DA:23,3
DA:24,3
DA:25,1
DA:26,1
DA:27,3
DA:28,3
DA:29,3
DA:30,1
DA:31,1
DA:32,2
DA:33,2
DA:34,3
DA:35,3
DA:36,3
DA:37,3
DA:38,3
DA:39,3
DA:40,3
DA:41,3
DA:42,3
DA:43,3
DA:44,3
DA:45,3
DA:46,3
DA:47,3
DA:48,3
DA:49,3
DA:50,3
DA:51,3
DA:52,3
DA:53,3
DA:54,3
DA:55,3
DA:56,3
DA:57,1
DA:58,1
DA:59,1
LF:59
LH:59
BRDA:59,0,0,1
BRDA:59,1,0,1
BRDA:59,2,0,0
BRDA:59,3,0,0
BRDA:59,4,0,0
BRDA:59,5,0,0
BRDA:59,6,0,1
BRDA:59,7,0,3
BRDA:59,8,0,3
BRDA:59,9,0,3
BRDA:59,10,0,7
BRDA:59,11,0,0
BRDA:59,12,0,3
BRDA:59,13,0,7
BRDA:59,14,0,6
BRDA:59,15,0,1
BRDA:59,16,0,9
BRDA:59,17,0,2
BRDA:59,18,0,7
BRDA:59,19,0,3
BRDA:59,20,0,7
BRDA:59,21,0,0
BRDA:59,22,0,9
BRDA:59,23,0,10
BRDA:59,24,0,10
BRDA:59,25,0,0
BRDA:59,26,0,20
BRDA:59,27,0,0
BRDA:59,28,0,0
BRDA:59,29,0,0
BRDA:59,30,0,0
BRDA:59,31,0,10
BRDA:59,32,0,10
BRDA:59,33,0,7
BRDA:59,34,0,0
BRDA:59,35,0,0
BRDA:59,36,0,3
BRDA:59,37,0,0
BRDA:59,38,0,2
BRDA:59,39,0,0
BRDA:59,40,0,0
BRDA:59,41,0,0
BRDA:59,42,0,0
BRDA:59,43,0,10
BRDA:59,44,0,9
BRDA:59,45,0,1
BRDA:59,46,0,10
BRDA:59,47,0,3
BRDA:59,48,0,1
BRDA:59,49,0,2
BRDA:59,50,0,0
BRDA:59,51,0,2
BRDA:59,52,0,1
BRDA:59,53,0,1
BRDA:14,54,0,1
BRDA:15,55,0,3
BRDA:26,56,0,3
BRDA:59,57,0,3
BRDA:59,58,0,10
BRDA:27,59,0,3
BRDA:59,60,0,3
BRDA:29,61,0,1
BRDA:31,62,0,2
BRDA:59,63,0,2
BRDA:59,64,0,2
BRF:65
BRH:46
end_of_record
TN:
SF:src/modules/users/services/ShowProfileService.ts
FN:30,__decorate
FN:30,__metadata
FN:30,__param
FN:30,__awaiter
FN:30,adopt
FN:30,fulfilled
FN:30,rejected
FN:30,step
FN:30,__generator
FN:30,sent
FN:30,g.<computed>
FN:30,verb
FN:30,step
FN:30,__importDefault
FN:14,ShowProfileService
FN:19,ShowProfileService.execute
FNF:16
FNH:14
FNDA:1,__decorate
FNDA:1,__metadata
FNDA:1,__param
FNDA:2,__awaiter
FNDA:2,adopt
FNDA:2,fulfilled
FNDA:0,rejected
FNDA:3,step
FNDA:2,__generator
FNDA:2,sent
FNDA:0,g.<computed>
FNDA:6,verb
FNDA:4,step
FNDA:1,__importDefault
FNDA:2,ShowProfileService
FNDA:2,ShowProfileService.execute
DA:1,1
DA:2,1
DA:3,1
DA:4,1
DA:5,1
DA:6,1
DA:7,1
DA:8,1
DA:9,1
DA:10,1
DA:11,1
DA:12,1
DA:13,1
DA:14,1
DA:15,2
DA:16,2
DA:17,2
DA:18,1
DA:19,1
DA:20,2
DA:21,2
DA:22,2
DA:23,1
DA:24,1
DA:25,1
DA:26,1
DA:27,2
DA:28,1
DA:29,1
DA:30,1
LF:30
LH:30
BRDA:30,0,0,1
BRDA:30,1,0,1
BRDA:30,2,0,0
BRDA:30,3,0,0
BRDA:30,4,0,0
BRDA:30,5,0,0
BRDA:30,6,0,1
BRDA:30,7,0,1
BRDA:30,8,0,1
BRDA:30,9,0,2
BRDA:30,10,0,2
BRDA:30,11,0,0
BRDA:30,12,0,2
BRDA:30,13,0,2
BRDA:30,14,0,1
BRDA:30,15,0,3
BRDA:30,16,0,1
BRDA:30,17,0,2
BRDA:30,18,0,2
BRDA:30,19,0,2
BRDA:30,20,0,0
BRDA:30,21,0,6
BRDA:30,22,0,4
BRDA:30,23,0,4
BRDA:30,24,0,0
BRDA:30,25,0,8
BRDA:30,26,0,0
BRDA:30,27,0,0
BRDA:30,28,0,0
BRDA:30,29,0,0
BRDA:30,30,0,4
BRDA:30,31,0,4
BRDA:30,32,0,2
BRDA:30,33,0,0
BRDA:30,34,0,0
BRDA:30,35,0,2
BRDA:30,36,0,0
BRDA:30,37,0,1
BRDA:30,38,0,0
BRDA:30,39,0,0
BRDA:30,40,0,0
BRDA:30,41,0,0
BRDA:30,42,0,4
BRDA:30,43,0,3
BRDA:30,44,0,1
BRDA:30,45,0,4
BRDA:30,46,0,2
BRDA:30,47,0,1
BRDA:30,48,0,0
BRDA:30,49,0,1
BRDA:30,50,0,0
BRDA:13,51,0,1
BRDA:14,52,0,2
BRDA:19,53,0,2
BRDA:30,54,0,2
BRDA:30,55,0,4
BRDA:20,56,0,2
BRDA:30,57,0,2
BRDA:22,58,0,1
BRF:59
BRH:39
end_of_record
TN:
SF:src/modules/users/services/UpdateProfileService.ts
FN:74,__decorate
FN:74,__metadata
FN:74,__param
FN:74,__awaiter
FN:74,adopt
FN:74,fulfilled
FN:74,rejected
FN:74,step
FN:74,__generator
FN:74,sent
FN:74,g.<computed>
FN:74,verb
FN:74,step
FN:74,__importDefault
FN:19,UpdateProfileService
FN:27,UpdateProfileService.execute
FNF:16
FNH:14
FNDA:1,__decorate
FNDA:1,__metadata
FNDA:2,__param
FNDA:6,__awaiter
FNDA:14,adopt
FNDA:14,fulfilled
FNDA:0,rejected
FNDA:16,step
FNDA:6,__generator
FNDA:14,sent
FNDA:0,g.<computed>
FNDA:18,verb
FNDA:20,step
FNDA:1,__importDefault
FNDA:6,UpdateProfileService
FNDA:6,UpdateProfileService.execute
DA:1,1
DA:2,1
DA:3,1
DA:4,1
DA:5,1
DA:6,1
DA:7,1
DA:8,1
DA:9,1
DA:10,1
DA:11,1
DA:12,1
DA:13,1
DA:14,1
DA:15,1
DA:16,1
DA:17,1
DA:18,1
DA:19,1
DA:20,6
DA:21,6
DA:22,6
DA:23,6
DA:24,6
DA:25,6
DA:26,1
DA:27,1
DA:28,6
DA:29,6
DA:30,6
DA:31,6
DA:32,6
DA:33,6
DA:34,6
DA:35,6
DA:36,6
DA:37,1
DA:38,1
DA:39,5
DA:40,5
DA:41,6
DA:42,6
DA:43,1
DA:44,1
DA:45,4
DA:46,4
DA:47,4
DA:48,4
DA:49,4
DA:50,4
DA:51,6
DA:52,1
DA:53,1
DA:54,1
DA:55,1
DA:56,3
DA:57,6
DA:58,2
DA:59,2
DA:60,2
DA:61,2
DA:62,6
DA:63,6
DA:64,1
DA:65,1
DA:66,1
DA:67,1
DA:68,6
DA:69,6
DA:70,6
DA:71,6
DA:72,1
DA:73,1
DA:74,1
LF:74
LH:74
BRDA:74,0,0,1
BRDA:74,1,0,1
BRDA:74,2,0,0
BRDA:74,3,0,0
BRDA:74,4,0,0
BRDA:74,5,0,0
BRDA:74,6,0,1
BRDA:74,7,0,2
BRDA:74,8,0,2
BRDA:74,9,0,6
BRDA:74,10,0,14
BRDA:74,11,0,0
BRDA:74,12,0,6
BRDA:74,13,0,14
BRDA:74,14,0,10
BRDA:74,15,0,4
BRDA:74,16,0,16
BRDA:74,17,0,2
BRDA:74,18,0,14
BRDA:74,19,0,6
BRDA:74,20,0,14
BRDA:74,21,0,0
BRDA:74,22,0,18
BRDA:74,23,0,20
BRDA:74,24,0,20
BRDA:74,25,0,0
BRDA:74,26,0,41
BRDA:74,27,0,0
BRDA:74,28,0,0
BRDA:74,29,0,0
BRDA:74,30,0,0
BRDA:74,31,0,20
BRDA:74,32,0,20
BRDA:74,33,0,14
BRDA:74,34,0,0
BRDA:74,35,0,0
BRDA:74,36,0,7
BRDA:74,37,0,0
BRDA:74,38,0,3
BRDA:74,39,0,6
BRDA:74,40,0,1
BRDA:74,41,0,0
BRDA:74,42,0,1
BRDA:74,43,0,0
BRDA:74,44,0,0
BRDA:74,45,0,0
BRDA:74,46,0,21
BRDA:74,47,0,17
BRDA:74,48,0,4
BRDA:74,49,0,21
BRDA:74,50,0,6
BRDA:74,51,0,4
BRDA:74,52,0,2
BRDA:74,53,0,0
BRDA:74,54,0,1
BRDA:74,55,0,0
BRDA:18,56,0,1
BRDA:19,57,0,6
BRDA:27,58,0,6
BRDA:74,59,0,6
BRDA:74,60,0,21
BRDA:34,61,0,6
BRDA:74,62,0,6
BRDA:36,63,0,1
BRDA:38,64,0,5
BRDA:74,65,0,5
BRDA:42,66,0,1
BRDA:42,67,0,1
BRDA:44,68,0,4
BRDA:51,69,0,3
BRDA:51,70,0,1
BRDA:55,71,0,3
BRDA:57,72,0,2
BRDA:57,73,0,1
BRDA:57,74,0,2
BRDA:74,75,0,2
BRDA:63,76,0,1
BRDA:74,77,0,1
BRDA:70,78,0,2
BRF:79
BRH:59
end_of_record
TN:
SF:src/modules/users/services/UpdateUserAvatarService.ts
FN:46,__decorate
FN:46,__metadata
FN:46,__param
FN:46,__awaiter
FN:46,adopt
FN:46,fulfilled
FN:46,rejected
FN:46,step
FN:46,__generator
FN:46,sent
FN:46,g.<computed>
FN:46,verb
FN:46,step
FN:46,__importDefault
FN:17,UpdateUserAvatarService
FN:25,UpdateUserAvatarService.execute
FNF:16
FNH:14
FNDA:1,__decorate
FNDA:1,__metadata
FNDA:2,__param
FNDA:4,__awaiter
FNDA:11,adopt
FNDA:11,fulfilled
FNDA:0,rejected
FNDA:14,step
FNDA:4,__generator
FNDA:11,sent
FNDA:0,g.<computed>
FNDA:12,verb
FNDA:15,step
FNDA:1,__importDefault
FNDA:3,UpdateUserAvatarService
FNDA:4,UpdateUserAvatarService.execute
DA:1,1
DA:2,1
DA:3,1
DA:4,1
DA:5,1
DA:6,1
DA:7,1
DA:8,1
DA:9,1
DA:10,1
DA:11,1
DA:12,1
DA:13,1
DA:14,1
DA:15,1
DA:16,1
DA:17,1
DA:18,3
DA:19,3
DA:20,3
DA:21,3
DA:22,3
DA:23,3
DA:24,1
DA:25,1
DA:26,4
DA:27,4
DA:28,4
DA:29,1
DA:30,1
DA:31,3
DA:32,3
DA:33,1
DA:34,4
DA:35,4
DA:36,4
DA:37,4
DA:38,4
DA:39,4
DA:40,4
DA:41,4
DA:42,4
DA:43,4
DA:44,1
DA:45,1
DA:46,1
LF:46
LH:46
BRDA:46,0,0,1
BRDA:46,1,0,1
BRDA:46,2,0,0
BRDA:46,3,0,0
BRDA:46,4,0,0
BRDA:46,5,0,0
BRDA:46,6,0,1
BRDA:46,7,0,2
BRDA:46,8,0,2
BRDA:46,9,0,4
BRDA:46,10,0,11
BRDA:46,11,0,0
BRDA:46,12,0,4
BRDA:46,13,0,11
BRDA:46,14,0,10
BRDA:46,15,0,1
BRDA:46,16,0,14
BRDA:46,17,0,3
BRDA:46,18,0,11
BRDA:46,19,0,4
BRDA:46,20,0,11
BRDA:46,21,0,0
BRDA:46,22,0,12
BRDA:46,23,0,15
BRDA:46,24,0,15
BRDA:46,25,0,0
BRDA:46,26,0,32
BRDA:46,27,0,0
BRDA:46,28,0,0
BRDA:46,29,0,0
BRDA:46,30,0,0
BRDA:46,31,0,15
BRDA:46,32,0,15
BRDA:46,33,0,11
BRDA:46,34,0,0
BRDA:46,35,0,0
BRDA:46,36,0,6
BRDA:46,37,0,0
BRDA:46,38,0,5
BRDA:46,39,0,4
BRDA:46,40,0,2
BRDA:46,41,0,0
BRDA:46,42,0,2
BRDA:46,43,0,0
BRDA:46,44,0,0
BRDA:46,45,0,0
BRDA:46,46,0,17
BRDA:46,47,0,16
BRDA:46,48,0,1
BRDA:46,49,0,17
BRDA:46,50,0,4
BRDA:46,51,0,1
BRDA:46,52,0,3
BRDA:46,53,0,0
BRDA:46,54,0,1
BRDA:46,55,0,0
BRDA:16,56,0,1
BRDA:17,57,0,3
BRDA:25,58,0,4
BRDA:46,59,0,4
BRDA:46,60,0,17
BRDA:26,61,0,4
BRDA:46,62,0,4
BRDA:28,63,0,1
BRDA:30,64,0,3
BRDA:32,65,0,2
BRDA:32,66,0,1
BRDA:46,67,0,1
BRDA:36,68,0,3
BRDA:46,69,0,3
BRDA:46,70,0,3
BRF:71
BRH:51
end_of_record
